<?xml version="1.0" encoding="UTF-8"?>
<testsuite xmlns:xsi="http://www.w3.org/2001/XMLSchema-instance" xsi:noNamespaceSchemaLocation="https://maven.apache.org/surefire/maven-surefire-plugin/xsd/surefire-test-report.xsd" version="3.0.1" name="com.bigbank.test.tests.BigbankTest" time="35.878" tests="6" errors="0" skipped="0" failures="0">
  <properties>
[...]
</properties>
  <testcase name="characters_areNotAllowed" classname="com.bigbank.test.tests.BigbankTest" time="13.995"/>
  <testcase name="aboveMaximumAmounts_areNotAllowed" classname="com.bigbank.test.tests.BigbankTest" time="4.503"/>
  <testcase name="amountsNotSaved_whenCalculatorIsClosed" classname="com.bigbank.test.tests.BigbankTest" time="6.244"/>
  <testcase name="amountsAreSaved_whenJatkaButtonIsClicked" classname="com.bigbank.test.tests.BigbankTest" time="4.987"/>
  <testcase name="belowMinimumAmounts_areNotAllowed" classname="com.bigbank.test.tests.BigbankTest" time="3.336"/>
  <testcase name="negativeAmounts_areNotAllowed" classname="com.bigbank.test.tests.BigbankTest" time="2.724"/>
</testsuite>